2021-07-09 08:54:43,156  INFO Microsoft.Hosting.Lifetime.OnApplicationStarted [0] - Application started. Press Ctrl+C to shut down.
 2021-07-09 08:54:43,230  INFO Microsoft.Hosting.Lifetime.OnApplicationStarted [0] - Hosting environment: Development
 2021-07-09 08:54:43,232  INFO Microsoft.Hosting.Lifetime.OnApplicationStarted [0] - Content root path: E:\C#\LoggingDemo\WebApiApplication
 2021-07-09 08:54:43,285  INFO WebApiApplication.Controllers.WeatherForecastController.Get [30] - Get
 2021-07-09 08:54:43,293  INFO WebApiApplication.Controllers.WeatherForecastController.Get [43] - WebApiApplication.WeatherForecast
 2021-07-09 08:54:43,295  INFO WebApiApplication.Controllers.WeatherForecastController.Get [43] - WebApiApplication.WeatherForecast
 2021-07-09 08:54:43,297  INFO WebApiApplication.Controllers.WeatherForecastController.Get [43] - WebApiApplication.WeatherForecast
 2021-07-09 08:54:43,299  INFO WebApiApplication.Controllers.WeatherForecastController.Get [43] - WebApiApplication.WeatherForecast
 2021-07-09 08:54:43,301  INFO WebApiApplication.Controllers.WeatherForecastController.Get [43] - WebApiApplication.WeatherForecast
 2021-07-09 08:57:31,099  INFO Microsoft.Hosting.Lifetime.OnApplicationStarted [0] - Application started. Press Ctrl+C to shut down.
 2021-07-09 08:57:31,176  INFO Microsoft.Hosting.Lifetime.OnApplicationStarted [0] - Hosting environment: Development
 2021-07-09 08:57:31,178  INFO Microsoft.Hosting.Lifetime.OnApplicationStarted [0] - Content root path: E:\C#\LoggingDemo\WebApiApplication
 2021-07-09 08:57:31,228  INFO WebApiApplication.Controllers.WeatherForecastController.Get [30] - Get
 2021-07-09 08:57:31,410  INFO WebApiApplication.Controllers.WeatherForecastController.Get [43] - {"Date":"2021-07-10T08:57:31.2341844+03:00","TemperatureC":46,"TemperatureF":114,"Summary":"Scorching"}
 2021-07-09 08:57:31,412  INFO WebApiApplication.Controllers.WeatherForecastController.Get [43] - {"Date":"2021-07-11T08:57:31.2344049+03:00","TemperatureC":-2,"TemperatureF":29,"Summary":"Chilly"}
 2021-07-09 08:57:31,414  INFO WebApiApplication.Controllers.WeatherForecastController.Get [43] - {"Date":"2021-07-12T08:57:31.2344067+03:00","TemperatureC":-7,"TemperatureF":20,"Summary":"Sweltering"}
 2021-07-09 08:57:31,416  INFO WebApiApplication.Controllers.WeatherForecastController.Get [43] - {"Date":"2021-07-13T08:57:31.2344071+03:00","TemperatureC":12,"TemperatureF":53,"Summary":"Sweltering"}
 2021-07-09 08:57:31,418  INFO WebApiApplication.Controllers.WeatherForecastController.Get [43] - {"Date":"2021-07-14T08:57:31.2344074+03:00","TemperatureC":16,"TemperatureF":60,"Summary":"Balmy"}
 08:58:42,951 [Microsoft.Hosting.Lifetime] [1] INFO (null) - Application started. Press Ctrl+C to shut down.
08:58:42,993 [Microsoft.Hosting.Lifetime] [1] INFO (null) - Hosting environment: Development
08:58:42,995 [Microsoft.Hosting.Lifetime] [1] INFO (null) - Content root path: E:\C#\LoggingDemo\WebApiApplication
08:58:43,053 [WebApiApplication.Controllers.WeatherForecastController] [5] INFO (null) - Get
08:58:43,198 [WebApiApplication.Controllers.WeatherForecastController] [5] INFO (null) - {"Date":"2021-07-10T08:58:43.0550386+03:00","TemperatureC":12,"TemperatureF":53,"Summary":"Hot"}
08:58:43,200 [WebApiApplication.Controllers.WeatherForecastController] [5] INFO (null) - {"Date":"2021-07-11T08:58:43.0554129+03:00","TemperatureC":-16,"TemperatureF":4,"Summary":"Mild"}
08:58:43,202 [WebApiApplication.Controllers.WeatherForecastController] [5] INFO (null) - {"Date":"2021-07-12T08:58:43.0554153+03:00","TemperatureC":52,"TemperatureF":125,"Summary":"Hot"}
08:58:43,204 [WebApiApplication.Controllers.WeatherForecastController] [5] INFO (null) - {"Date":"2021-07-13T08:58:43.0554157+03:00","TemperatureC":54,"TemperatureF":129,"Summary":"Warm"}
08:58:43,205 [WebApiApplication.Controllers.WeatherForecastController] [5] INFO (null) - {"Date":"2021-07-14T08:58:43.055416+03:00","TemperatureC":18,"TemperatureF":64,"Summary":"Bracing"}
08:58:43,532 [WebApiApplication.Controllers.WeatherForecastController] [9] INFO (null) - Get
08:58:43,534 [WebApiApplication.Controllers.WeatherForecastController] [9] INFO (null) - {"Date":"2021-07-10T08:58:43.5329245+03:00","TemperatureC":1,"TemperatureF":33,"Summary":"Freezing"}
08:58:43,536 [WebApiApplication.Controllers.WeatherForecastController] [9] INFO (null) - {"Date":"2021-07-11T08:58:43.5329304+03:00","TemperatureC":-5,"TemperatureF":24,"Summary":"Scorching"}
08:58:43,538 [WebApiApplication.Controllers.WeatherForecastController] [9] INFO (null) - {"Date":"2021-07-12T08:58:43.532931+03:00","TemperatureC":13,"TemperatureF":55,"Summary":"Scorching"}
08:58:43,540 [WebApiApplication.Controllers.WeatherForecastController] [9] INFO (null) - {"Date":"2021-07-13T08:58:43.5329313+03:00","TemperatureC":49,"TemperatureF":120,"Summary":"Chilly"}
08:58:43,542 [WebApiApplication.Controllers.WeatherForecastController] [9] INFO (null) - {"Date":"2021-07-14T08:58:43.5329317+03:00","TemperatureC":-1,"TemperatureF":31,"Summary":"Mild"}
08:59:08,446 [Microsoft.Hosting.Lifetime] [1] INFO - Application started. Press Ctrl+C to shut down.
08:59:08,453 [Microsoft.Hosting.Lifetime] [1] INFO - Hosting environment: Development
08:59:08,454 [Microsoft.Hosting.Lifetime] [1] INFO - Content root path: E:\C#\LoggingDemo\WebApiApplication
08:59:08,527 [WebApiApplication.Controllers.WeatherForecastController] [11] INFO - Get
08:59:08,663 [WebApiApplication.Controllers.WeatherForecastController] [11] INFO - {"Date":"2021-07-10T08:59:08.5285571+03:00","TemperatureC":15,"TemperatureF":58,"Summary":"Sweltering"}
08:59:08,664 [WebApiApplication.Controllers.WeatherForecastController] [11] INFO - {"Date":"2021-07-11T08:59:08.5287686+03:00","TemperatureC":49,"TemperatureF":120,"Summary":"Warm"}
08:59:08,666 [WebApiApplication.Controllers.WeatherForecastController] [11] INFO - {"Date":"2021-07-12T08:59:08.5287706+03:00","TemperatureC":34,"TemperatureF":93,"Summary":"Freezing"}
08:59:08,668 [WebApiApplication.Controllers.WeatherForecastController] [11] INFO - {"Date":"2021-07-13T08:59:08.528771+03:00","TemperatureC":11,"TemperatureF":51,"Summary":"Scorching"}
08:59:08,670 [WebApiApplication.Controllers.WeatherForecastController] [11] INFO - {"Date":"2021-07-14T08:59:08.5287713+03:00","TemperatureC":23,"TemperatureF":73,"Summary":"Bracing"}
2021-07-09 08:59:57,084 [Microsoft.Hosting.Lifetime] [1] INFO - Application started. Press Ctrl+C to shut down.
2021-07-09 08:59:57,091 [Microsoft.Hosting.Lifetime] [1] INFO - Hosting environment: Development
2021-07-09 08:59:57,092 [Microsoft.Hosting.Lifetime] [1] INFO - Content root path: E:\C#\LoggingDemo\WebApiApplication
2021-07-09 08:59:57,164 [WebApiApplication.Controllers.WeatherForecastController] [10] INFO - Get
2021-07-09 08:59:57,370 [WebApiApplication.Controllers.WeatherForecastController] [10] INFO - {"Date":"2021-07-10T08:59:57.1656328+03:00","TemperatureC":42,"TemperatureF":107,"Summary":"Hot"}
2021-07-09 08:59:57,371 [WebApiApplication.Controllers.WeatherForecastController] [10] INFO - {"Date":"2021-07-11T08:59:57.1658492+03:00","TemperatureC":41,"TemperatureF":105,"Summary":"Mild"}
2021-07-09 08:59:57,373 [WebApiApplication.Controllers.WeatherForecastController] [10] INFO - {"Date":"2021-07-12T08:59:57.165851+03:00","TemperatureC":5,"TemperatureF":40,"Summary":"Warm"}
2021-07-09 08:59:57,374 [WebApiApplication.Controllers.WeatherForecastController] [10] INFO - {"Date":"2021-07-13T08:59:57.1658515+03:00","TemperatureC":-12,"TemperatureF":11,"Summary":"Chilly"}
2021-07-09 08:59:57,375 [WebApiApplication.Controllers.WeatherForecastController] [10] INFO - {"Date":"2021-07-14T08:59:57.1658518+03:00","TemperatureC":-7,"TemperatureF":20,"Summary":"Balmy"}
2021-07-09 09:00:05,011 [WebApiApplication.Controllers.WeatherForecastController] [9] INFO - Get
2021-07-09 09:00:05,013 [WebApiApplication.Controllers.WeatherForecastController] [9] INFO - {"Date":"2021-07-10T09:00:05.0117699+03:00","TemperatureC":-2,"TemperatureF":29,"Summary":"Chilly"}
2021-07-09 09:00:05,014 [WebApiApplication.Controllers.WeatherForecastController] [9] INFO - {"Date":"2021-07-11T09:00:05.0117785+03:00","TemperatureC":47,"TemperatureF":116,"Summary":"Cool"}
2021-07-09 09:00:05,016 [WebApiApplication.Controllers.WeatherForecastController] [9] INFO - {"Date":"2021-07-12T09:00:05.0117794+03:00","TemperatureC":5,"TemperatureF":40,"Summary":"Cool"}
2021-07-09 09:00:05,017 [WebApiApplication.Controllers.WeatherForecastController] [9] INFO - {"Date":"2021-07-13T09:00:05.01178+03:00","TemperatureC":48,"TemperatureF":118,"Summary":"Sweltering"}
2021-07-09 09:00:05,019 [WebApiApplication.Controllers.WeatherForecastController] [9] INFO - {"Date":"2021-07-14T09:00:05.0117806+03:00","TemperatureC":20,"TemperatureF":67,"Summary":"Hot"}
